2021-07-26 17:45:24,766:DEBUG:discord.client: on_ready has successfully been registered as an event
2021-07-26 17:45:24,767:DEBUG:discord.client: on_message has successfully been registered as an event
2021-07-26 17:45:24,770:INFO:discord.client: logging in using static token
2021-07-26 17:45:24,944:DEBUG:discord.http: GET https://discord.com/api/v7/users/@me with None has returned 200
2021-07-26 17:45:24,944:DEBUG:discord.http: GET https://discord.com/api/v7/users/@me has received {'id': '819659006268276796', 'username': 'Snakey XVII', 'avatar': '976dbecdbd42f6c2be4e5f2b853ffc55', 'discriminator': '3701', 'public_flags': 0, 'flags': 0, 'bot': True, 'banner': None, 'banner_color': None, 'accent_color': None, 'bio': '', 'locale': 'en-US', 'mfa_enabled': False, 'email': None, 'verified': True}
2021-07-26 17:45:24,970:DEBUG:discord.http: GET https://discord.com/api/v7/gateway with None has returned 200
2021-07-26 17:45:24,972:DEBUG:discord.http: GET https://discord.com/api/v7/gateway has received {'url': 'wss://gateway.discord.gg'}
2021-07-26 17:45:25,070:DEBUG:discord.gateway: Created websocket connected to wss://gateway.discord.gg?encoding=json&v=6&compress=zlib-stream
2021-07-26 17:45:25,071:DEBUG:discord.client: Dispatching event socket_raw_receive
2021-07-26 17:45:25,071:DEBUG:discord.gateway: For Shard ID None: WebSocket Event: {'t': None, 's': None, 'op': 10, 'd': {'heartbeat_interval': 41250, '_trace': ['["gateway-prd-main-9l3b",{"micros":0.0}]']}}
2021-07-26 17:45:25,071:DEBUG:discord.client: Dispatching event socket_response
2021-07-26 17:45:25,071:DEBUG:discord.client: Dispatching event socket_raw_send
2021-07-26 17:45:25,072:DEBUG:discord.client: Dispatching event socket_raw_send
2021-07-26 17:45:25,073:INFO:discord.gateway: Shard ID None has sent the IDENTIFY payload.
2021-07-26 17:45:25,121:DEBUG:discord.client: Dispatching event socket_raw_receive
2021-07-26 17:45:25,122:DEBUG:discord.gateway: For Shard ID None: WebSocket Event: {'t': None, 's': None, 'op': 11, 'd': None}
2021-07-26 17:45:25,122:DEBUG:discord.client: Dispatching event socket_response
2021-07-26 17:45:25,182:DEBUG:discord.client: Dispatching event socket_raw_receive
2021-07-26 17:45:25,182:DEBUG:discord.gateway: For Shard ID None: WebSocket Event: {'t': 'READY', 's': 1, 'op': 0, 'd': {'v': 6, 'user_settings': {}, 'user': {'verified': True, 'username': 'Snakey XVII', 'mfa_enabled': False, 'id': '819659006268276796', 'flags': 0, 'email': None, 'discriminator': '3701', 'bot': True, 'avatar': '976dbecdbd42f6c2be4e5f2b853ffc55'}, 'session_id': 'bcfff5ae2f963e8f6c28402f5c394e42', 'relationships': [], 'private_channels': [], 'presences': [], 'guilds': [{'unavailable': True, 'id': '600195673886818314'}], 'guild_join_requests': [], 'geo_ordered_rtc_regions': ['us-central', 'us-south', 'us-east', 'us-west', 'europe'], 'application': {'id': '819659006268276796', 'flags': 262144}, '_trace': ['["gateway-prd-main-9l3b",{"micros":64194,"calls":["discord-sessions-blue-prd-2-110",{"micros":63248,"calls":["start_session",{"micros":32553,"calls":["api-prd-main-1x8j",{"micros":26770,"calls":["get_user",{"micros":3199},"add_authorized_ip",{"micros":1315},"get_guilds",{"micros":4369},"coros_wait",{"micros":1}]}]},"guilds_connect",{"micros":1,"calls":[]},"presence_connect",{"micros":26608,"calls":[]}]}]}]']}}
2021-07-26 17:45:25,182:DEBUG:discord.client: Dispatching event socket_response
2021-07-26 17:45:25,183:INFO:discord.gateway: Shard ID None has connected to Gateway: ["gateway-prd-main-9l3b",{"micros":64194,"calls":["discord-sessions-blue-prd-2-110",{"micros":63248,"calls":["start_session",{"micros":32553,"calls":["api-prd-main-1x8j",{"micros":26770,"calls":["get_user",{"micros":3199},"add_authorized_ip",{"micros":1315},"get_guilds",{"micros":4369},"coros_wait",{"micros":1}]}]},"guilds_connect",{"micros":1,"calls":[]},"presence_connect",{"micros":26608,"calls":[]}]}]}] (Session ID: bcfff5ae2f963e8f6c28402f5c394e42).
2021-07-26 17:45:25,253:DEBUG:discord.client: Dispatching event connect
2021-07-26 17:45:25,255:DEBUG:discord.client: Dispatching event socket_raw_receive
2021-07-26 17:45:25,257:DEBUG:discord.gateway: For Shard ID None: WebSocket Event: {'t': 'GUILD_CREATE', 's': 2, 'op': 0, 'd': {'explicit_content_filter': 0, 'premium_subscription_count': 0, 'stickers': [], 'name': 'HomiesWelcome', 'region': 'us-central', 'system_channel_id': '600195673886818317', 'mfa_level': 0, 'description': None, 'max_members': 100000, 'verification_level': 0, 'owner_id': '238152882828869632', 'application_id': None, 'members': [{'user': {'username': 'pickle_Rick', 'id': '376963178447372299', 'discriminator': '0956', 'avatar': 'f1f9f8627f895dfa90b59600c304cffd'}, 'roles': ['600197351042187274', '602943963120402454'], 'premium_since': None, 'pending': False, 'nick': None, 'mute': False, 'joined_at': '2019-07-15T05:26:26.418000+00:00', 'is_pending': False, 'hoisted_role': '600197351042187274', 'deaf': False}, {'user': {'username': 'Groovy', 'public_flags': 65536, 'id': '234395307759108106', 'discriminator': '7254', 'bot': True, 'avatar': '0e7adc5d634d957b7725021c067bfd87'}, 'roles': ['600197090056077322'], 'mute': False, 'joined_at': '2019-07-15T05:28:57.384000+00:00', 'hoisted_role': None, 'deaf': True}, {'user': {'username': 'pickle_Rick', 'id': '376963178447372299', 'discriminator': '0956', 'avatar': 'f1f9f8627f895dfa90b59600c304cffd'}, 'roles': ['600197351042187274', '602943963120402454'], 'premium_since': None, 'pending': False, 'nick': None, 'mute': False, 'joined_at': '2019-07-15T05:26:26.418000+00:00', 'is_pending': False, 'hoisted_role': '600197351042187274', 'deaf': False}, {'user': {'username': 'Groovy', 'public_flags': 65536, 'id': '234395307759108106', 'discriminator': '7254', 'bot': True, 'avatar': '0e7adc5d634d957b7725021c067bfd87'}, 'roles': ['600197090056077322'], 'mute': False, 'joined_at': '2019-07-15T05:28:57.384000+00:00', 'hoisted_role': None, 'deaf': True}, {'user': {'username': 'Snakey XVII', 'id': '819659006268276796', 'discriminator': '3701', 'bot': True, 'avatar': '976dbecdbd42f6c2be4e5f2b853ffc55'}, 'roles': ['819665322424139777', '602943963120402454'], 'premium_since': None, 'pending': False, 'nick': None, 'mute': False, 'joined_at': '2021-03-11T20:17:21.532612+00:00', 'is_pending': False, 'hoisted_role': '602943963120402454', 'deaf': False}], 'application_command_count': 36, 'afk_timeout': 300, 'channels': [{'type': 4, 'position': 0, 'permission_overwrites': [], 'name': 'Text Channels', 'id': '600195673886818316'}, {'type': 0, 'topic': None, 'rate_limit_per_user': 0, 'position': 0, 'permission_overwrites': [{'type': 'member', 'id': '238152882828869632', 'deny_new': '0', 'deny': 0, 'allow_new': '522305', 'allow': 522305}], 'parent_id': '600195673886818316', 'name': 'general', 'last_pin_timestamp': '2021-07-09T13:13:42+00:00', 'last_message_id': '864021019727364107', 'id': '600195673886818317'}, {'type': 4, 'position': 1, 'permission_overwrites': [], 'name': 'GAMES', 'id': '602925178401325144'}, {'user_limit': 0, 'type': 2, 'rtc_region': None, 'position': 3, 'permission_overwrites': [{'type': 'role', 'id': '600195673886818314', 'deny_new': '0', 'deny': 0, 'allow_new': '871368465', 'allow': 871368465}], 'parent_id': '602925178401325144', 'name': 'Other games', 'id': '602925442323841216', 'bitrate': 64000}, {'type': 0, 'topic': None, 'rate_limit_per_user': 0, 'position': 1, 'permission_overwrites': [{'type': 'role', 'id': '600195673886818314', 'deny_new': '1024', 'deny': 1024, 'allow_new': '0', 'allow': 0}, {'type': 'role', 'id': '602939316246806528', 'deny_new': '0', 'deny': 0, 'allow_new': '1024', 'allow': 1024}, {'type': 'member', 'id': '764807289851871262', 'deny_new': '0', 'deny': 0, 'allow_new': '19520', 'allow': 19520}], 'parent_id': '600195673886818316', 'nsfw': False, 'name': 'bot', 'last_pin_timestamp': '2021-07-09T13:13:53+00:00', 'last_message_id': '869274173724295198', 'id': '698711361315667988'}, {'type': 0, 'topic': None, 'rate_limit_per_user': 0, 'position': 2, 'permission_overwrites': [], 'parent_id': '600195673886818316', 'name': 'meme-links', 'last_message_id': '868361033977331713', 'id': '805839847205371954'}], 'guild_hashes': {'version': 1, 'roles': {'omitted': False, 'hash': 'nPgbCYbTpFw'}, 'metadata': {'omitted': False, 'hash': 'Us8r2RlDV1w'}, 'channels': {'omitted': False, 'hash': 'HhIf5uUoiOk'}}, 'nsfw': False, 'icon': 'd613a59f9a60d41034287ef60f760dbd', 'splash': None, 'lazy': True, 'system_channel_flags': 0, 'presences': [], 'premium_tier': 0, 'member_count': 12, 'features': [], 'emojis': [{'roles': [], 'require_colons': True, 'name': 'emoji_1', 'managed': False, 'id': '602935678392598565', 'available': True, 'animated': False}, {'roles': [], 'require_colons': True, 'name': 'emoji_2', 'managed': False, 'id': '602935716980326504', 'available': True, 'animated': False}, {'roles': [], 'require_colons': True, 'name': 'emoji_3', 'managed': False, 'id': '602935736454479883', 'available': True, 'animated': False}, {'roles': [], 'require_colons': True, 'name': 'emoji_4', 'managed': False, 'id': '602935766615719997', 'available': True, 'animated': False}, {'roles': [], 'require_colons': True, 'name': 'emoji_5', 'managed': False, 'id': '602935807103205386', 'available': True, 'animated': False}, {'roles': [], 'require_colons': True, 'name': 'emoji_6', 'managed': False, 'id': '602935825692622888', 'available': True, 'animated': False}, {'roles': [], 'require_colons': True, 'name': 'emoji_7', 'managed': False, 'id': '602935849625321505', 'available': True, 'animated': False}, {'roles': [], 'require_colons': True, 'name': 'emoji_8', 'managed': False, 'id': '602956379220607007', 'available': True, 'animated': False}, {'roles': [], 'require_colons': True, 'name': 'emoji_9', 'managed': False, 'id': '602956421088411659', 'available': True, 'animated': False}, {'roles': [], 'require_colons': True, 'name': 'emoji_10', 'managed': False, 'id': '602956445675159563', 'available': True, 'animated': False}, {'roles': [], 'require_colons': True, 'name': 'emoji_11', 'managed': False, 'id': '602956476780249124', 'available': True, 'animated': False}, {'roles': [], 'require_colons': True, 'name': 'emoji_12', 'managed': False, 'id': '602956509449814020', 'available': True, 'animated': False}, {'roles': [], 'require_colons': True, 'name': 'emoji_13', 'managed': False, 'id': '602956530936971284', 'available': True, 'animated': False}, {'roles': [], 'require_colons': True, 'name': 'emoji_14', 'managed': False, 'id': '602956673191116800', 'available': True, 'animated': False}, {'roles': [], 'require_colons': True, 'name': 'emoji_15', 'managed': False, 'id': '602956717738688542', 'available': True, 'animated': False}, {'roles': [], 'require_colons': True, 'name': 'emoji_16', 'managed': False, 'id': '602956742728613905', 'available': True, 'animated': False}, {'roles': [], 'require_colons': True, 'name': 'emoji_17', 'managed': False, 'id': '602956849498685456', 'available': True, 'animated': False}, {'roles': [], 'require_colons': True, 'name': 'emoji_18', 'managed': False, 'id': '602956920558714911', 'available': True, 'animated': False}, {'roles': [], 'require_colons': True, 'name': 'emoji_19', 'managed': False, 'id': '610901581294206988', 'available': True, 'animated': False}, {'roles': [], 'require_colons': True, 'name': 'emoji_20', 'managed': False, 'id': '610904721733058560', 'available': True, 'animated': True}, {'roles': [], 'require_colons': True, 'name': 'emoji_21', 'managed': False, 'id': '610904777701851136', 'available': True, 'animated': True}, {'roles': [], 'require_colons': True, 'name': 'emoji_22', 'managed': False, 'id': '610908700697165870', 'available': True, 'animated': False}, {'roles': [], 'require_colons': True, 'name': 'emoji_23', 'managed': False, 'id': '610908917828157440', 'available': True, 'animated': False}, {'roles': [], 'require_colons': True, 'name': 'emoji_24', 'managed': False, 'id': '610909225098412052', 'available': True, 'animated': False}], 'joined_at': '2021-03-11T20:17:21.532612+00:00', 'nsfw_level': 0, 'threads': [], 'rules_channel_id': None, 'banner': None, 'roles': [{'position': 0, 'permissions_new': '246960619520', 'permissions': 0, 'name': '@everyone', 'mentionable': False, 'managed': False, 'id': '600195673886818314', 'hoist': False, 'color': 0}, {'tags': {'bot_id': '159985870458322944'}, 'position': 10, 'permissions_new': '8358718559', 'permissions': 1916267615, 'name': 'MEE6', 'mentionable': False, 'managed': True, 'id': '600196997256839168', 'hoist': False, 'color': 0}, {'tags': {'bot_id': '234395307759108106'}, 'position': 9, 'permissions_new': '6442450952', 'permissions': 8, 'name': 'Groovy', 'mentionable': False, 'managed': True, 'id': '600197090056077322', 'hoist': False, 'color': 0}, {'tags': {'bot_id': '365975655608745985'}, 'position': 8, 'permissions_new': '6442838016', 'permissions': 387072, 'name': 'Pokecord', 'mentionable': False, 'managed': True, 'id': '600197141591359489', 'hoist': False, 'color': 0}, {'tags': {'bot_id': '512412940897484800'}, 'position': 7, 'permissions_new': '6442454016', 'permissions': 3072, 'name': 'Smile Bot', 'mentionable': False, 'managed': True, 'id': '600197200508616740', 'hoist': False, 'color': 0}, {'position': 6, 'permissions_new': '6546775625', 'permissions': 104324681, 'name': 'Fucktard', 'mentionable': True, 'managed': False, 'id': '600197351042187274', 'hoist': True, 'color': 15277667}, {'position': 5, 'permissions_new': '2251402752', 'permissions': 103919104, 'name': 'Hitler', 'mentionable': True, 'managed': False, 'id': '602926609070293053', 'hoist': False, 'color': 15158332}, {'position': 4, 'permissions_new': '8455192563', 'permissions': 2012741619, 'name': 'Big Pappa', 'mentionable': True, 'managed': False, 'id': '602939316246806528', 'hoist': False, 'color': 10181046}, {'position': 3, 'permissions_new': '8589410303', 'permissions': 2146959359, 'name': '𝕬𝖉𝖒𝖎𝖓𝖎𝖘𝖙𝖊𝖗', 'mentionable': True, 'managed': False, 'id': '602943963120402454', 'hoist': True, 'color': 6323595}, {'tags': {'bot_id': '819659006268276796'}, 'position': 1, 'permissions_new': '335805680', 'permissions': 335805680, 'name': 'Snakey XVII', 'mentionable': False, 'managed': True, 'id': '819665322424139777', 'hoist': False, 'color': 0}], 'voice_states': [{'user_id': '234395307759108106', 'suppress': False, 'session_id': '3cd5d596bd7fad764168872ec3bba2b0', 'self_video': False, 'self_mute': False, 'self_deaf': False, 'request_to_speak_timestamp': None, 'mute': False, 'deaf': True, 'channel_id': '602925442323841216'}, {'user_id': '376963178447372299', 'suppress': False, 'session_id': 'ec99e4c063d1e77db338f96504ae625b', 'self_video': False, 'self_mute': False, 'self_deaf': False, 'request_to_speak_timestamp': None, 'mute': False, 'deaf': False, 'channel_id': '602925442323841216'}], 'afk_channel_id': None, 'preferred_locale': 'en-US', 'unavailable': False, 'public_updates_channel_id': None, 'id': '600195673886818314', 'default_message_notifications': 0, 'vanity_url_code': None, 'stage_instances': [], 'large': False, 'discovery_splash': None, 'max_video_channel_users': 25}}
2021-07-26 17:45:25,258:DEBUG:discord.client: Dispatching event socket_response
2021-07-26 17:45:25,261:DEBUG:discord.client: Dispatching event guild_available
2021-07-26 17:45:27,263:DEBUG:discord.client: Dispatching event ready
2021-07-26 17:45:27,549:DEBUG:discord.client: Dispatching event socket_raw_receive
2021-07-26 17:45:27,550:DEBUG:discord.gateway: For Shard ID None: WebSocket Event: {'t': 'MESSAGE_DELETE', 's': 3, 'op': 0, 'd': {'id': '869274173724295198', 'channel_id': '698711361315667988', 'guild_id': '600195673886818314'}}
2021-07-26 17:45:27,550:DEBUG:discord.client: Dispatching event socket_response
2021-07-26 17:45:27,550:DEBUG:discord.client: Dispatching event raw_message_delete
2021-07-26 17:45:27,550:DEBUG:discord.client: Dispatching event socket_raw_receive
2021-07-26 17:45:27,550:DEBUG:discord.gateway: For Shard ID None: WebSocket Event: {'t': 'MESSAGE_CREATE', 's': 4, 'op': 0, 'd': {'webhook_id': '234395307759108106', 'type': 0, 'tts': False, 'timestamp': '2021-07-26T17:45:27.507000+00:00', 'pinned': False, 'nonce': '875445013729771520', 'mentions': [], 'mention_roles': [], 'mention_everyone': False, 'member': {'roles': ['600197090056077322'], 'mute': False, 'joined_at': '2019-07-15T05:28:57.384000+00:00', 'hoisted_role': None, 'deaf': True}, 'interaction': {'user': {'username': 'pickle_Rick', 'public_flags': 0, 'id': '376963178447372299', 'discriminator': '0956', 'avatar': 'f1f9f8627f895dfa90b59600c304cffd'}, 'type': 2, 'name': 'stop', 'member': {'roles': ['600197351042187274', '602943963120402454'], 'premium_since': None, 'pending': False, 'nick': None, 'mute': False, 'joined_at': '2019-07-15T05:26:26.418000+00:00', 'is_pending': False, 'hoisted_role': '600197351042187274', 'deaf': False}, 'id': '869274232490700821'}, 'id': '869274233107259422', 'flags': 128, 'embeds': [], 'edited_timestamp': None, 'content': '', 'components': [], 'channel_id': '698711361315667988', 'author': {'username': 'Groovy', 'public_flags': 65536, 'id': '234395307759108106', 'discriminator': '7254', 'bot': True, 'avatar': '0e7adc5d634d957b7725021c067bfd87'}, 'attachments': [], 'application_id': '234395307759108106', 'guild_id': '600195673886818314'}}
2021-07-26 17:45:27,550:DEBUG:discord.client: Dispatching event socket_response
2021-07-26 17:45:27,551:DEBUG:discord.client: Dispatching event message
2021-07-26 17:45:27,670:DEBUG:discord.client: Dispatching event socket_raw_receive
2021-07-26 17:45:27,671:DEBUG:discord.gateway: For Shard ID None: WebSocket Event: {'t': 'MESSAGE_UPDATE', 's': 5, 'op': 0, 'd': {'webhook_id': '234395307759108106', 'type': 0, 'tts': False, 'timestamp': '2021-07-26T17:45:27.507000+00:00', 'pinned': False, 'mentions': [], 'mention_roles': [], 'mention_everyone': False, 'member': {'roles': ['600197090056077322'], 'mute': False, 'joined_at': '2019-07-15T05:28:57.384000+00:00', 'hoisted_role': None, 'deaf': True}, 'interaction': {'user': {'username': 'pickle_Rick', 'public_flags': 0, 'id': '376963178447372299', 'discriminator': '0956', 'avatar': 'f1f9f8627f895dfa90b59600c304cffd'}, 'type': 2, 'name': 'stop', 'member': {'roles': ['600197351042187274', '602943963120402454'], 'premium_since': None, 'pending': False, 'nick': None, 'mute': False, 'joined_at': '2019-07-15T05:26:26.418000+00:00', 'is_pending': False, 'hoisted_role': '600197351042187274', 'deaf': False}, 'id': '869274232490700821'}, 'id': '869274233107259422', 'flags': 0, 'embeds': [{'type': 'rich', 'description': '🛑 Stopped the music'}], 'edited_timestamp': None, 'content': '', 'components': [], 'channel_id': '698711361315667988', 'author': {'username': 'Groovy', 'public_flags': 65536, 'id': '234395307759108106', 'discriminator': '7254', 'bot': True, 'avatar': '0e7adc5d634d957b7725021c067bfd87'}, 'attachments': [], 'application_id': '234395307759108106', 'guild_id': '600195673886818314'}}
2021-07-26 17:45:27,671:DEBUG:discord.client: Dispatching event socket_response
2021-07-26 17:45:27,671:DEBUG:discord.client: Dispatching event raw_message_edit
2021-07-26 17:45:27,672:DEBUG:discord.client: Dispatching event message_edit
2021-07-26 17:45:30,361:DEBUG:discord.client: Dispatching event socket_raw_receive
2021-07-26 17:45:30,361:DEBUG:discord.gateway: For Shard ID None: WebSocket Event: {'t': 'MESSAGE_CREATE', 's': 6, 'op': 0, 'd': {'webhook_id': '234395307759108106', 'type': 0, 'tts': False, 'timestamp': '2021-07-26T17:45:30.321000+00:00', 'pinned': False, 'nonce': '875445025238941696', 'mentions': [], 'mention_roles': [], 'mention_everyone': False, 'member': {'roles': ['600197090056077322'], 'mute': False, 'joined_at': '2019-07-15T05:28:57.384000+00:00', 'hoisted_role': None, 'deaf': True}, 'interaction': {'user': {'username': 'pickle_Rick', 'public_flags': 0, 'id': '376963178447372299', 'discriminator': '0956', 'avatar': 'f1f9f8627f895dfa90b59600c304cffd'}, 'type': 2, 'name': 'clear', 'member': {'roles': ['600197351042187274', '602943963120402454'], 'premium_since': None, 'pending': False, 'nick': None, 'mute': False, 'joined_at': '2019-07-15T05:26:26.418000+00:00', 'is_pending': False, 'hoisted_role': '600197351042187274', 'deaf': False}, 'id': '869274244398317618'}, 'id': '869274244910055504', 'flags': 128, 'embeds': [], 'edited_timestamp': None, 'content': '', 'components': [], 'channel_id': '698711361315667988', 'author': {'username': 'Groovy', 'public_flags': 65536, 'id': '234395307759108106', 'discriminator': '7254', 'bot': True, 'avatar': '0e7adc5d634d957b7725021c067bfd87'}, 'attachments': [], 'application_id': '234395307759108106', 'guild_id': '600195673886818314'}}
2021-07-26 17:45:30,361:DEBUG:discord.client: Dispatching event socket_response
2021-07-26 17:45:30,362:DEBUG:discord.client: Dispatching event message
2021-07-26 17:45:30,469:DEBUG:discord.client: Dispatching event socket_raw_receive
2021-07-26 17:45:30,469:DEBUG:discord.gateway: For Shard ID None: WebSocket Event: {'t': 'MESSAGE_UPDATE', 's': 7, 'op': 0, 'd': {'webhook_id': '234395307759108106', 'type': 0, 'tts': False, 'timestamp': '2021-07-26T17:45:30.321000+00:00', 'pinned': False, 'mentions': [], 'mention_roles': [], 'mention_everyone': False, 'member': {'roles': ['600197090056077322'], 'mute': False, 'joined_at': '2019-07-15T05:28:57.384000+00:00', 'hoisted_role': None, 'deaf': True}, 'interaction': {'user': {'username': 'pickle_Rick', 'public_flags': 0, 'id': '376963178447372299', 'discriminator': '0956', 'avatar': 'f1f9f8627f895dfa90b59600c304cffd'}, 'type': 2, 'name': 'clear', 'member': {'roles': ['600197351042187274', '602943963120402454'], 'premium_since': None, 'pending': False, 'nick': None, 'mute': False, 'joined_at': '2019-07-15T05:26:26.418000+00:00', 'is_pending': False, 'hoisted_role': '600197351042187274', 'deaf': False}, 'id': '869274244398317618'}, 'id': '869274244910055504', 'flags': 0, 'embeds': [{'type': 'rich', 'description': 'Cleared the queue'}], 'edited_timestamp': None, 'content': '', 'components': [], 'channel_id': '698711361315667988', 'author': {'username': 'Groovy', 'public_flags': 65536, 'id': '234395307759108106', 'discriminator': '7254', 'bot': True, 'avatar': '0e7adc5d634d957b7725021c067bfd87'}, 'attachments': [], 'application_id': '234395307759108106', 'guild_id': '600195673886818314'}}
2021-07-26 17:45:30,469:DEBUG:discord.client: Dispatching event socket_response
2021-07-26 17:45:30,470:DEBUG:discord.client: Dispatching event raw_message_edit
2021-07-26 17:45:30,470:DEBUG:discord.client: Dispatching event message_edit
2021-07-26 17:45:35,295:DEBUG:discord.client: Dispatching event socket_raw_receive
2021-07-26 17:45:35,295:DEBUG:discord.gateway: For Shard ID None: WebSocket Event: {'t': 'MESSAGE_CREATE', 's': 8, 'op': 0, 'd': {'webhook_id': '234395307759108106', 'type': 0, 'tts': False, 'timestamp': '2021-07-26T17:45:35.181000+00:00', 'pinned': False, 'nonce': '875445046260793344', 'mentions': [], 'mention_roles': [], 'mention_everyone': False, 'member': {'roles': ['600197090056077322'], 'mute': False, 'joined_at': '2019-07-15T05:28:57.384000+00:00', 'hoisted_role': None, 'deaf': True}, 'interaction': {'user': {'username': 'pickle_Rick', 'public_flags': 0, 'id': '376963178447372299', 'discriminator': '0956', 'avatar': 'f1f9f8627f895dfa90b59600c304cffd'}, 'type': 2, 'name': 'play', 'member': {'roles': ['600197351042187274', '602943963120402454'], 'premium_since': None, 'pending': False, 'nick': None, 'mute': False, 'joined_at': '2019-07-15T05:26:26.418000+00:00', 'is_pending': False, 'hoisted_role': '600197351042187274', 'deaf': False}, 'id': '869274265202081822'}, 'id': '869274265294368769', 'flags': 128, 'embeds': [], 'edited_timestamp': None, 'content': '', 'components': [], 'channel_id': '698711361315667988', 'author': {'username': 'Groovy', 'public_flags': 65536, 'id': '234395307759108106', 'discriminator': '7254', 'bot': True, 'avatar': '0e7adc5d634d957b7725021c067bfd87'}, 'attachments': [], 'application_id': '234395307759108106', 'guild_id': '600195673886818314'}}
2021-07-26 17:45:35,295:DEBUG:discord.client: Dispatching event socket_response
2021-07-26 17:45:35,296:DEBUG:discord.client: Dispatching event message
2021-07-26 17:45:36,054:DEBUG:discord.client: Dispatching event socket_raw_receive
2021-07-26 17:45:36,054:DEBUG:discord.gateway: For Shard ID None: WebSocket Event: {'t': 'MESSAGE_UPDATE', 's': 9, 'op': 0, 'd': {'webhook_id': '234395307759108106', 'type': 0, 'tts': False, 'timestamp': '2021-07-26T17:45:35.181000+00:00', 'pinned': False, 'mentions': [], 'mention_roles': [], 'mention_everyone': False, 'member': {'roles': ['600197090056077322'], 'mute': False, 'joined_at': '2019-07-15T05:28:57.384000+00:00', 'hoisted_role': None, 'deaf': True}, 'interaction': {'user': {'username': 'pickle_Rick', 'public_flags': 0, 'id': '376963178447372299', 'discriminator': '0956', 'avatar': 'f1f9f8627f895dfa90b59600c304cffd'}, 'type': 2, 'name': 'play', 'member': {'roles': ['600197351042187274', '602943963120402454'], 'premium_since': None, 'pending': False, 'nick': None, 'mute': False, 'joined_at': '2019-07-15T05:26:26.418000+00:00', 'is_pending': False, 'hoisted_role': '600197351042187274', 'deaf': False}, 'id': '869274265202081822'}, 'id': '869274265294368769', 'flags': 0, 'embeds': [{'type': 'rich', 'description': 'Queued [Homeward Full 2020 Movie - New Animation Movie I Full Movies Eng…](https://www.youtube.com/watch?v=eSUOgWS1WHg) [<@376963178447372299>]'}], 'edited_timestamp': None, 'content': '', 'components': [], 'channel_id': '698711361315667988', 'author': {'username': 'Groovy', 'public_flags': 65536, 'id': '234395307759108106', 'discriminator': '7254', 'bot': True, 'avatar': '0e7adc5d634d957b7725021c067bfd87'}, 'attachments': [], 'application_id': '234395307759108106', 'guild_id': '600195673886818314'}}
2021-07-26 17:45:36,055:DEBUG:discord.client: Dispatching event socket_response
2021-07-26 17:45:36,055:DEBUG:discord.client: Dispatching event raw_message_edit
2021-07-26 17:45:36,055:DEBUG:discord.client: Dispatching event message_edit
2021-07-26 17:45:36,076:DEBUG:discord.client: Dispatching event socket_raw_receive
2021-07-26 17:45:36,077:DEBUG:discord.gateway: For Shard ID None: WebSocket Event: {'t': 'MESSAGE_CREATE', 's': 10, 'op': 0, 'd': {'type': 0, 'tts': False, 'timestamp': '2021-07-26T17:45:35.962000+00:00', 'referenced_message': None, 'pinned': False, 'mentions': [], 'mention_roles': [], 'mention_everyone': False, 'member': {'roles': ['600197090056077322'], 'mute': False, 'joined_at': '2019-07-15T05:28:57.384000+00:00', 'hoisted_role': None, 'deaf': True}, 'id': '869274268570120223', 'flags': 0, 'embeds': [{'type': 'rich', 'title': 'Now playing', 'description': '[Homeward Full 2020 Movie - New Animation Movie I Full Movies Eng…](https://www.youtube.com/watch?v=eSUOgWS1WHg) [<@376963178447372299>]'}], 'edited_timestamp': None, 'content': '', 'components': [], 'channel_id': '698711361315667988', 'author': {'username': 'Groovy', 'public_flags': 65536, 'id': '234395307759108106', 'discriminator': '7254', 'bot': True, 'avatar': '0e7adc5d634d957b7725021c067bfd87'}, 'attachments': [], 'guild_id': '600195673886818314'}}
2021-07-26 17:45:36,077:DEBUG:discord.client: Dispatching event socket_response
2021-07-26 17:45:36,077:DEBUG:discord.client: Dispatching event message
2021-07-26 17:46:06,322:DEBUG:discord.gateway: Keeping shard ID None websocket alive with sequence 10.
2021-07-26 17:46:06,369:DEBUG:discord.client: Dispatching event socket_raw_receive
2021-07-26 17:46:06,369:DEBUG:discord.gateway: For Shard ID None: WebSocket Event: {'t': None, 's': None, 'op': 11, 'd': None}
2021-07-26 17:46:06,369:DEBUG:discord.client: Dispatching event socket_response
2021-07-26 17:46:47,574:DEBUG:discord.gateway: Keeping shard ID None websocket alive with sequence 10.
2021-07-26 17:46:47,618:DEBUG:discord.client: Dispatching event socket_raw_receive
2021-07-26 17:46:47,618:DEBUG:discord.gateway: For Shard ID None: WebSocket Event: {'t': None, 's': None, 'op': 11, 'd': None}
2021-07-26 17:46:47,618:DEBUG:discord.client: Dispatching event socket_response
2021-07-26 17:47:12,971:DEBUG:discord.client: Dispatching event socket_raw_receive
2021-07-26 17:47:12,972:DEBUG:discord.gateway: For Shard ID None: WebSocket Event: {'t': 'VOICE_STATE_UPDATE', 's': 11, 'op': 0, 'd': {'member': {'user': {'username': 'pickle_Rick', 'id': '376963178447372299', 'discriminator': '0956', 'avatar': 'f1f9f8627f895dfa90b59600c304cffd'}, 'roles': ['600197351042187274', '602943963120402454'], 'premium_since': None, 'pending': False, 'nick': None, 'mute': False, 'joined_at': '2019-07-15T05:26:26.418000+00:00', 'is_pending': False, 'hoisted_role': '600197351042187274', 'deaf': False}, 'user_id': '376963178447372299', 'suppress': False, 'session_id': 'ec99e4c063d1e77db338f96504ae625b', 'self_video': False, 'self_mute': False, 'self_deaf': False, 'request_to_speak_timestamp': None, 'mute': False, 'guild_id': '600195673886818314', 'deaf': False, 'channel_id': None}}
2021-07-26 17:47:12,972:DEBUG:discord.client: Dispatching event socket_response
2021-07-26 17:47:12,972:DEBUG:discord.client: Dispatching event voice_state_update
2021-07-26 17:47:28,825:DEBUG:discord.gateway: Keeping shard ID None websocket alive with sequence 11.
2021-07-26 17:47:28,869:DEBUG:discord.client: Dispatching event socket_raw_receive
2021-07-26 17:47:28,869:DEBUG:discord.gateway: For Shard ID None: WebSocket Event: {'t': None, 's': None, 'op': 11, 'd': None}
2021-07-26 17:47:28,869:DEBUG:discord.client: Dispatching event socket_response
2021-07-26 17:48:10,079:DEBUG:discord.gateway: Keeping shard ID None websocket alive with sequence 11.
2021-07-26 17:48:10,121:DEBUG:discord.client: Dispatching event socket_raw_receive
2021-07-26 17:48:10,121:DEBUG:discord.gateway: For Shard ID None: WebSocket Event: {'t': None, 's': None, 'op': 11, 'd': None}
2021-07-26 17:48:10,122:DEBUG:discord.client: Dispatching event socket_response
2021-07-26 17:48:51,330:DEBUG:discord.gateway: Keeping shard ID None websocket alive with sequence 11.
2021-07-26 17:48:51,374:DEBUG:discord.client: Dispatching event socket_raw_receive
2021-07-26 17:48:51,375:DEBUG:discord.gateway: For Shard ID None: WebSocket Event: {'t': None, 's': None, 'op': 11, 'd': None}
2021-07-26 17:48:51,375:DEBUG:discord.client: Dispatching event socket_response
2021-07-26 17:49:32,582:DEBUG:discord.gateway: Keeping shard ID None websocket alive with sequence 11.
2021-07-26 17:49:32,626:DEBUG:discord.client: Dispatching event socket_raw_receive
2021-07-26 17:49:32,626:DEBUG:discord.gateway: For Shard ID None: WebSocket Event: {'t': None, 's': None, 'op': 11, 'd': None}
2021-07-26 17:49:32,626:DEBUG:discord.client: Dispatching event socket_response
2021-07-26 17:50:13,836:DEBUG:discord.gateway: Keeping shard ID None websocket alive with sequence 11.
2021-07-26 17:50:13,876:DEBUG:discord.client: Dispatching event socket_raw_receive
2021-07-26 17:50:13,877:DEBUG:discord.gateway: For Shard ID None: WebSocket Event: {'t': None, 's': None, 'op': 11, 'd': None}
2021-07-26 17:50:13,877:DEBUG:discord.client: Dispatching event socket_response
2021-07-26 17:50:55,088:DEBUG:discord.gateway: Keeping shard ID None websocket alive with sequence 11.
2021-07-26 17:50:55,135:DEBUG:discord.client: Dispatching event socket_raw_receive
2021-07-26 17:50:55,136:DEBUG:discord.gateway: For Shard ID None: WebSocket Event: {'t': None, 's': None, 'op': 11, 'd': None}
2021-07-26 17:50:55,136:DEBUG:discord.client: Dispatching event socket_response
2021-07-26 17:51:36,339:DEBUG:discord.gateway: Keeping shard ID None websocket alive with sequence 11.
2021-07-26 17:51:36,386:DEBUG:discord.client: Dispatching event socket_raw_receive
2021-07-26 17:51:36,386:DEBUG:discord.gateway: For Shard ID None: WebSocket Event: {'t': None, 's': None, 'op': 11, 'd': None}
2021-07-26 17:51:36,386:DEBUG:discord.client: Dispatching event socket_response
2021-07-26 17:52:13,061:DEBUG:discord.client: Dispatching event socket_raw_receive
2021-07-26 17:52:13,061:DEBUG:discord.gateway: For Shard ID None: WebSocket Event: {'t': 'MESSAGE_DELETE', 's': 12, 'op': 0, 'd': {'id': '869274268570120223', 'channel_id': '698711361315667988', 'guild_id': '600195673886818314'}}
2021-07-26 17:52:13,061:DEBUG:discord.client: Dispatching event socket_response
2021-07-26 17:52:13,061:DEBUG:discord.client: Dispatching event raw_message_delete
2021-07-26 17:52:13,061:DEBUG:discord.client: Dispatching event message_delete
2021-07-26 17:52:13,097:DEBUG:discord.client: Dispatching event socket_raw_receive
2021-07-26 17:52:13,097:DEBUG:discord.gateway: For Shard ID None: WebSocket Event: {'t': 'VOICE_STATE_UPDATE', 's': 13, 'op': 0, 'd': {'member': {'user': {'username': 'Groovy', 'public_flags': 65536, 'id': '234395307759108106', 'discriminator': '7254', 'bot': True, 'avatar': '0e7adc5d634d957b7725021c067bfd87'}, 'roles': ['600197090056077322'], 'mute': False, 'joined_at': '2019-07-15T05:28:57.384000+00:00', 'hoisted_role': None, 'deaf': True}, 'user_id': '234395307759108106', 'suppress': False, 'session_id': '3cd5d596bd7fad764168872ec3bba2b0', 'self_video': False, 'self_mute': False, 'self_deaf': False, 'request_to_speak_timestamp': None, 'mute': False, 'guild_id': '600195673886818314', 'deaf': True, 'channel_id': None}}
2021-07-26 17:52:13,098:DEBUG:discord.client: Dispatching event socket_response
2021-07-26 17:52:13,098:DEBUG:discord.client: Dispatching event voice_state_update
2021-07-26 17:52:13,172:DEBUG:discord.client: Dispatching event socket_raw_receive
2021-07-26 17:52:13,173:DEBUG:discord.gateway: For Shard ID None: WebSocket Event: {'t': 'MESSAGE_CREATE', 's': 14, 'op': 0, 'd': {'type': 0, 'tts': False, 'timestamp': '2021-07-26T17:52:13.114000+00:00', 'referenced_message': None, 'pinned': False, 'mentions': [], 'mention_roles': [], 'mention_everyone': False, 'member': {'roles': ['600197090056077322'], 'mute': False, 'joined_at': '2019-07-15T05:28:57.384000+00:00', 'hoisted_role': None, 'deaf': True}, 'id': '869275934346326037', 'flags': 0, 'embeds': [{'type': 'rich', 'description': 'I left the voice channel because I was inactive for too long. If you are a **[Premium](https://groovy.bot/premium)** member, you can disable this by typing **/247**.'}], 'edited_timestamp': None, 'content': '', 'components': [], 'channel_id': '698711361315667988', 'author': {'username': 'Groovy', 'public_flags': 65536, 'id': '234395307759108106', 'discriminator': '7254', 'bot': True, 'avatar': '0e7adc5d634d957b7725021c067bfd87'}, 'attachments': [], 'guild_id': '600195673886818314'}}
2021-07-26 17:52:13,173:DEBUG:discord.client: Dispatching event socket_response
2021-07-26 17:52:13,174:DEBUG:discord.client: Dispatching event message
2021-07-26 17:52:17,593:DEBUG:discord.gateway: Keeping shard ID None websocket alive with sequence 14.
2021-07-26 17:52:17,649:DEBUG:discord.client: Dispatching event socket_raw_receive
2021-07-26 17:52:17,650:DEBUG:discord.gateway: For Shard ID None: WebSocket Event: {'t': None, 's': None, 'op': 11, 'd': None}
2021-07-26 17:52:17,650:DEBUG:discord.client: Dispatching event socket_response
2021-07-26 17:52:58,845:DEBUG:discord.gateway: Keeping shard ID None websocket alive with sequence 14.
2021-07-26 17:52:58,888:DEBUG:discord.client: Dispatching event socket_raw_receive
2021-07-26 17:52:58,888:DEBUG:discord.gateway: For Shard ID None: WebSocket Event: {'t': None, 's': None, 'op': 11, 'd': None}
2021-07-26 17:52:58,888:DEBUG:discord.client: Dispatching event socket_response
2021-07-26 17:53:40,097:DEBUG:discord.gateway: Keeping shard ID None websocket alive with sequence 14.
2021-07-26 17:53:40,144:DEBUG:discord.client: Dispatching event socket_raw_receive
2021-07-26 17:53:40,144:DEBUG:discord.gateway: For Shard ID None: WebSocket Event: {'t': None, 's': None, 'op': 11, 'd': None}
2021-07-26 17:53:40,144:DEBUG:discord.client: Dispatching event socket_response
2021-07-26 17:54:21,350:DEBUG:discord.gateway: Keeping shard ID None websocket alive with sequence 14.
2021-07-26 17:54:21,392:DEBUG:discord.client: Dispatching event socket_raw_receive
2021-07-26 17:54:21,392:DEBUG:discord.gateway: For Shard ID None: WebSocket Event: {'t': None, 's': None, 'op': 11, 'd': None}
2021-07-26 17:54:21,392:DEBUG:discord.client: Dispatching event socket_response
2021-07-26 17:55:02,601:DEBUG:discord.gateway: Keeping shard ID None websocket alive with sequence 14.
2021-07-26 17:55:02,646:DEBUG:discord.client: Dispatching event socket_raw_receive
2021-07-26 17:55:02,646:DEBUG:discord.gateway: For Shard ID None: WebSocket Event: {'t': None, 's': None, 'op': 11, 'd': None}
2021-07-26 17:55:02,646:DEBUG:discord.client: Dispatching event socket_response
2021-07-26 17:55:43,853:DEBUG:discord.gateway: Keeping shard ID None websocket alive with sequence 14.
2021-07-26 17:55:43,912:DEBUG:discord.client: Dispatching event socket_raw_receive
2021-07-26 17:55:43,912:DEBUG:discord.gateway: For Shard ID None: WebSocket Event: {'t': None, 's': None, 'op': 11, 'd': None}
2021-07-26 17:55:43,912:DEBUG:discord.client: Dispatching event socket_response
2021-07-26 17:56:25,105:DEBUG:discord.gateway: Keeping shard ID None websocket alive with sequence 14.
2021-07-26 17:56:25,149:DEBUG:discord.client: Dispatching event socket_raw_receive
2021-07-26 17:56:25,150:DEBUG:discord.gateway: For Shard ID None: WebSocket Event: {'t': None, 's': None, 'op': 11, 'd': None}
2021-07-26 17:56:25,150:DEBUG:discord.client: Dispatching event socket_response
2021-07-26 17:57:06,356:DEBUG:discord.gateway: Keeping shard ID None websocket alive with sequence 14.
2021-07-26 17:57:06,410:DEBUG:discord.client: Dispatching event socket_raw_receive
2021-07-26 17:57:06,411:DEBUG:discord.gateway: For Shard ID None: WebSocket Event: {'t': None, 's': None, 'op': 11, 'd': None}
2021-07-26 17:57:06,411:DEBUG:discord.client: Dispatching event socket_response
2021-07-26 17:57:47,608:DEBUG:discord.gateway: Keeping shard ID None websocket alive with sequence 14.
2021-07-26 17:57:47,649:DEBUG:discord.client: Dispatching event socket_raw_receive
2021-07-26 17:57:47,649:DEBUG:discord.gateway: For Shard ID None: WebSocket Event: {'t': None, 's': None, 'op': 11, 'd': None}
2021-07-26 17:57:47,649:DEBUG:discord.client: Dispatching event socket_response
2021-07-26 17:58:28,859:DEBUG:discord.gateway: Keeping shard ID None websocket alive with sequence 14.
2021-07-26 17:58:28,916:DEBUG:discord.client: Dispatching event socket_raw_receive
2021-07-26 17:58:28,917:DEBUG:discord.gateway: For Shard ID None: WebSocket Event: {'t': None, 's': None, 'op': 11, 'd': None}
2021-07-26 17:58:28,917:DEBUG:discord.client: Dispatching event socket_response
2021-07-26 17:59:10,114:DEBUG:discord.gateway: Keeping shard ID None websocket alive with sequence 14.
2021-07-26 17:59:10,162:DEBUG:discord.client: Dispatching event socket_raw_receive
2021-07-26 17:59:10,163:DEBUG:discord.gateway: For Shard ID None: WebSocket Event: {'t': None, 's': None, 'op': 11, 'd': None}
2021-07-26 17:59:10,163:DEBUG:discord.client: Dispatching event socket_response
2021-07-26 17:59:51,367:DEBUG:discord.gateway: Keeping shard ID None websocket alive with sequence 14.
2021-07-26 17:59:51,439:DEBUG:discord.client: Dispatching event socket_raw_receive
2021-07-26 17:59:51,440:DEBUG:discord.gateway: For Shard ID None: WebSocket Event: {'t': None, 's': None, 'op': 11, 'd': None}
2021-07-26 17:59:51,440:DEBUG:discord.client: Dispatching event socket_response
